A D/LHHyperTight////
A D/LHHyperTightPFIso////
A D/LHHyperTightPFIsoLowPt////
A D/LHLoose////
A D/LHLoosePFIso////
A D/LHMedium////
A D/LHTight////
A D/LHTightPFIso////
A D/LHVeryLoose////
A D/Vecbos60////
A D/Vecbos65////
A D/Vecbos70////
A D/Vecbos75////
A D/Vecbos80////
A D/Vecbos85////
A D/Vecbos90////
A D/Vecbos95////
A D/WP70////
A D/WP70Smurf////
A D/WP80////
A D/WP80Smurf////
A D/WP85////
A D/WP90////
A D/WP95////
A D/WPoptimH130_Gt20////
A D/WPoptimH130_Lt20////
A D/WPoptimWW_Gt20////
A D/WPoptimWW_Lt20////
